mode: set
github.com/TenforwardAB/slog/dev_log.go:5.37,7.2 1 1
github.com/TenforwardAB/slog/logger.go:44.34,45.27 1 1
github.com/TenforwardAB/slog/logger.go:46.13,47.24 1 1
github.com/TenforwardAB/slog/logger.go:48.14,50.17 2 1
github.com/TenforwardAB/slog/logger.go:50.17,51.50 1 1
github.com/TenforwardAB/slog/logger.go:53.3,53.29 1 1
github.com/TenforwardAB/slog/logger.go:54.10,55.62 1 1
github.com/TenforwardAB/slog/logger.go:59.34,61.2 1 1
github.com/TenforwardAB/slog/logger.go:63.55,64.23 1 1
github.com/TenforwardAB/slog/logger.go:64.23,66.3 1 1
github.com/TenforwardAB/slog/logger.go:67.2,68.67 2 1
github.com/TenforwardAB/slog/logger.go:71.49,72.32 1 1
github.com/TenforwardAB/slog/logger.go:73.15,74.25 1 1
github.com/TenforwardAB/slog/logger.go:75.14,76.24 1 1
github.com/TenforwardAB/slog/logger.go:77.16,78.26 1 1
github.com/TenforwardAB/slog/logger.go:79.25,80.24 1 1
github.com/TenforwardAB/slog/logger.go:81.15,82.25 1 1
github.com/TenforwardAB/slog/logger.go:83.26,84.24 1 1
github.com/TenforwardAB/slog/logger.go:85.15,86.25 1 1
github.com/TenforwardAB/slog/logger.go:87.28,88.25 1 1
github.com/TenforwardAB/slog/logger.go:89.10,90.63 1 1
github.com/TenforwardAB/slog/logger.go:94.38,94.78 1 1
github.com/TenforwardAB/slog/logger.go:95.38,95.78 1 1
github.com/TenforwardAB/slog/logger.go:96.38,96.77 1 1
github.com/TenforwardAB/slog/logger.go:97.38,97.78 1 1
github.com/TenforwardAB/slog/logger.go:98.38,98.77 1 1
github.com/TenforwardAB/slog/logger.go:99.38,99.79 1 1
github.com/TenforwardAB/slog/logger.go:100.38,100.77 1 1
github.com/TenforwardAB/slog/logger.go:101.38,101.78 1 1
